  [1m[35m (112.6ms)[0m  [1m[35mCREATE DATABASE "films_imdb_development" ENCODING = 'unicode'[0m
  [1m[35m (33.4ms)[0m  [1m[35mCREATE DATABASE "films_imdb_test" ENCODING = 'unicode'[0m
  [1m[35m (2.5ms)[0m  [1m[35mCREATE DATABASE "films_imdb_development" ENCODING = 'unicode'[0m
  [1m[35m (0.3ms)[0m  [1m[35mCREATE DATABASE "films_imdb_test" ENCODING = 'unicode'[0m
  [1m[35m (0.7ms)[0m  [1m[35mCREATE DATABASE "films_imdb_development" ENCODING = 'unicode'[0m
  [1m[35m (0.4ms)[0m  [1m[35mCREATE DATABASE "films_imdb_test" ENCODING = 'unicode'[0m
Started GET "/" for 127.0.0.1 at 2022-06-27 14:20:30 +0200
Processing by Rails::WelcomeController#index as HTML
  Rendering /Users/kamilmosciszko/.rbenv/versions/3.1.2/lib/ruby/gems/3.1.0/gems/railties-6.1.6/lib/rails/templates/rails/welcome/index.html.erb
  Rendered /Users/kamilmosciszko/.rbenv/versions/3.1.2/lib/ruby/gems/3.1.0/gems/railties-6.1.6/lib/rails/templates/rails/welcome/index.html.erb (Duration: 4.3ms | Allocations: 575)
Completed 200 OK in 15ms (Views: 7.8ms | ActiveRecord: 0.0ms | Allocations: 4364)


Started GET "/" for 127.0.0.1 at 2022-06-27 14:21:56 +0200
Processing by Rails::WelcomeController#index as HTML
  Rendering /Users/kamilmosciszko/.rbenv/versions/3.1.2/lib/ruby/gems/3.1.0/gems/railties-7.0.3/lib/rails/templates/rails/welcome/index.html.erb
  Rendered /Users/kamilmosciszko/.rbenv/versions/3.1.2/lib/ruby/gems/3.1.0/gems/railties-7.0.3/lib/rails/templates/rails/welcome/index.html.erb (Duration: 1.2ms | Allocations: 650)
Completed 200 OK in 10ms (Views: 3.4ms | ActiveRecord: 0.0ms | Allocations: 4777)


Started GET "/" for 127.0.0.1 at 2022-06-27 14:56:57 +0200
Processing by Rails::WelcomeController#index as HTML
  Rendering /Users/kamilmosciszko/.rbenv/versions/3.1.2/lib/ruby/gems/3.1.0/gems/railties-7.0.3/lib/rails/templates/rails/welcome/index.html.erb
  Rendered /Users/kamilmosciszko/.rbenv/versions/3.1.2/lib/ruby/gems/3.1.0/gems/railties-7.0.3/lib/rails/templates/rails/welcome/index.html.erb (Duration: 0.8ms | Allocations: 537)
Completed 200 OK in 5ms (Views: 2.3ms | ActiveRecord: 0.0ms | Allocations: 3695)


  [1m[35m (0.5ms)[0m  [1m[35mCREATE DATABASE "films_imdb_development" ENCODING = 'unicode'[0m
  [1m[35m (0.3ms)[0m  [1m[35mCREATE DATABASE "films_imdb_test" ENCODING = 'unicode'[0m
Started GET "/" for 127.0.0.1 at 2022-06-28 09:58:28 +0200
Processing by Rails::WelcomeController#index as HTML
  Rendering /Users/kamilmosciszko/.rbenv/versions/3.1.2/lib/ruby/gems/3.1.0/gems/railties-7.0.3/lib/rails/templates/rails/welcome/index.html.erb
  Rendered /Users/kamilmosciszko/.rbenv/versions/3.1.2/lib/ruby/gems/3.1.0/gems/railties-7.0.3/lib/rails/templates/rails/welcome/index.html.erb (Duration: 0.9ms | Allocations: 537)
Completed 200 OK in 6ms (Views: 2.4ms | ActiveRecord: 0.0ms | Allocations: 3695)


Started GET "/" for 127.0.0.1 at 2022-06-28 10:17:51 +0200
Processing by Rails::WelcomeController#index as HTML
  Rendering /Users/kamilmosciszko/.rbenv/versions/3.1.2/lib/ruby/gems/3.1.0/gems/railties-7.0.3/lib/rails/templates/rails/welcome/index.html.erb
  Rendered /Users/kamilmosciszko/.rbenv/versions/3.1.2/lib/ruby/gems/3.1.0/gems/railties-7.0.3/lib/rails/templates/rails/welcome/index.html.erb (Duration: 0.7ms | Allocations: 537)
Completed 200 OK in 5ms (Views: 1.9ms | ActiveRecord: 0.0ms | Allocations: 3695)


